<?xml version="1.0" encoding="UTF-8"?>
<!-- Generated by org.testng.reporters.JUnitReportReporter -->
<testsuite hostname="DESKTOP-KI2D8VP" failures="0" tests="2" name="com.rajesh.assignment.amazon.AmazonTest" time="46.266" errors="0" timestamp="2024-07-16T12:02:27 IST" skipped="0">
  <testcase classname="com.rajesh.assignment.amazon.AmazonTest" name="VerifyQuickLook" time="29.390"/>
  <testcase classname="com.rajesh.assignment.amazon.AmazonTest" name="ValidateDropDownSuggestion" time="16.876"/>
</testsuite> <!-- com.rajesh.assignment.amazon.AmazonTest -->
